<?xml version="1.0" encoding="UTF-8"?>
<coverage generated="1603043367382" clover="3.2.0">
  <project timestamp="1603043367382" name="All files">
    <metrics statements="5" coveredstatements="5" conditionals="0" coveredconditionals="0" methods="0" coveredmethods="0" elements="5" coveredelements="5" complexity="0" loc="5" ncloc="5" packages="1" files="1" classes="1"/>
    <file name="MessageTicker.vue" path="/mnt/e179884f-fc91-4273-83ac-ce60612f1d5a/workspaces/professional-workspace/OhmniPresent/client/src/components/Boxes/MessageTicker.vue">
      <metrics statements="5" coveredstatements="5" conditionals="0" coveredconditionals="0" methods="0" coveredmethods="0"/>
      <line num="40" count="1" type="stmt"/>
      <line num="45" count="1" type="stmt"/>
      <line num="46" count="1" type="stmt"/>
      <line num="47" count="1" type="stmt"/>
      <line num="48" count="1" type="stmt"/>
    </file>
  </project>
</coverage>
