{"/mnt/e179884f-fc91-4273-83ac-ce60612f1d5a/workspaces/professional-workspace/OhmniPresent/client/src/components/Boxes/MessageTicker.vue": {"path":"/mnt/e179884f-fc91-4273-83ac-ce60612f1d5a/workspaces/professional-workspace/OhmniPresent/client/src/components/Boxes/MessageTicker.vue","statementMap":{"0":{"start":{"line":40,"column":0},"end":{"line":40,"column":null}},"1":{"start":{"line":45,"column":0},"end":{"line":45,"column":null}},"2":{"start":{"line":46,"column":0},"end":{"line":46,"column":null}},"3":{"start":{"line":47,"column":0},"end":{"line":47,"column":null}},"4":{"start":{"line":48,"column":0},"end":{"line":48,"column":null}},"5":{"start":{"line":45,"column":0},"end":{"line":42,"column":null}}},"fnMap":{},"branchMap":{},"s":{"0":1,"1":1,"2":1,"3":1,"4":1,"5":1},"f":{},"b":{}}
}
