{"/mnt/e179884f-fc91-4273-83ac-ce60612f1d5a/workspaces/professional-workspace/OhmniPresent/client/src/App.vue": {"path":"/mnt/e179884f-fc91-4273-83ac-ce60612f1d5a/workspaces/professional-workspace/OhmniPresent/client/src/App.vue","statementMap":{"0":{"start":{"line":8,"column":0},"end":{"line":8,"column":null}},"1":{"start":{"line":14,"column":0},"end":{"line":14,"column":null}},"2":{"start":{"line":14,"column":0},"end":{"line":10,"column":null}}},"fnMap":{},"branchMap":{},"s":{"0":0,"1":0,"2":0},"f":{},"b":{}}
,"/mnt/e179884f-fc91-4273-83ac-ce60612f1d5a/workspaces/professional-workspace/OhmniPresent/client/src/components/Boxes/MessageTicker.vue": {"path":"/mnt/e179884f-fc91-4273-83ac-ce60612f1d5a/workspaces/professional-workspace/OhmniPresent/client/src/components/Boxes/MessageTicker.vue","statementMap":{"0":{"start":{"line":14,"column":0},"end":{"line":14,"column":null}},"1":{"start":{"line":19,"column":0},"end":{"line":19,"column":null}},"2":{"start":{"line":20,"column":0},"end":{"line":20,"column":null}},"3":{"start":{"line":21,"column":0},"end":{"line":21,"column":null}},"4":{"start":{"line":22,"column":0},"end":{"line":22,"column":null}},"5":{"start":{"line":19,"column":0},"end":{"line":16,"column":null}}},"fnMap":{},"branchMap":{},"s":{"0":0,"1":0,"2":0,"3":0,"4":0,"5":0},"f":{},"b":{}}
,"/mnt/e179884f-fc91-4273-83ac-ce60612f1d5a/workspaces/professional-workspace/OhmniPresent/client/src/components/Boxes/TaskBox.vue": {"path":"/mnt/e179884f-fc91-4273-83ac-ce60612f1d5a/workspaces/professional-workspace/OhmniPresent/client/src/components/Boxes/TaskBox.vue","statementMap":{"0":{"start":{"line":13,"column":0},"end":{"line":13,"column":null}},"1":{"start":{"line":18,"column":0},"end":{"line":18,"column":null}},"2":{"start":{"line":19,"column":0},"end":{"line":19,"column":null}},"3":{"start":{"line":18,"column":0},"end":{"line":15,"column":null}}},"fnMap":{},"branchMap":{},"s":{"0":1,"1":1,"2":1,"3":1},"f":{},"b":{}}
,"/mnt/e179884f-fc91-4273-83ac-ce60612f1d5a/workspaces/professional-workspace/OhmniPresent/client/src/components/Design/Slug.vue": {"path":"/mnt/e179884f-fc91-4273-83ac-ce60612f1d5a/workspaces/professional-workspace/OhmniPresent/client/src/components/Design/Slug.vue","statementMap":{"0":{"start":{"line":9,"column":0},"end":{"line":9,"column":null}},"1":{"start":{"line":14,"column":0},"end":{"line":14,"column":null}},"2":{"start":{"line":15,"column":0},"end":{"line":15,"column":null}},"3":{"start":{"line":16,"column":0},"end":{"line":16,"column":null}},"4":{"start":{"line":14,"column":0},"end":{"line":11,"column":null}}},"fnMap":{"0":{"name":"(anonymous_1)","decl":{"start":{"line":14,"column":0},"end":{"line":14,"column":null}},"loc":{"start":{"line":14,"column":0},"end":{"line":17,"column":null}}}},"branchMap":{},"s":{"0":1,"1":1,"2":4,"3":4,"4":1},"f":{"0":3},"b":{}}
,"/mnt/e179884f-fc91-4273-83ac-ce60612f1d5a/workspaces/professional-workspace/OhmniPresent/client/src/components/Forms/Login.vue": {"path":"/mnt/e179884f-fc91-4273-83ac-ce60612f1d5a/workspaces/professional-workspace/OhmniPresent/client/src/components/Forms/Login.vue","statementMap":{"0":{"start":{"line":16,"column":0},"end":{"line":16,"column":null}},"1":{"start":{"line":21,"column":0},"end":{"line":21,"column":null}},"2":{"start":{"line":21,"column":0},"end":{"line":18,"column":null}}},"fnMap":{},"branchMap":{},"s":{"0":0,"1":0,"2":0},"f":{},"b":{}}
,"/mnt/e179884f-fc91-4273-83ac-ce60612f1d5a/workspaces/professional-workspace/OhmniPresent/client/src/components/Forms/Signup.vue": {"path":"/mnt/e179884f-fc91-4273-83ac-ce60612f1d5a/workspaces/professional-workspace/OhmniPresent/client/src/components/Forms/Signup.vue","statementMap":{"0":{"start":{"line":33,"column":0},"end":{"line":33,"column":null}},"1":{"start":{"line":38,"column":0},"end":{"line":38,"column":null}},"2":{"start":{"line":38,"column":0},"end":{"line":35,"column":null}}},"fnMap":{},"branchMap":{},"s":{"0":0,"1":0,"2":0},"f":{},"b":{}}
,"/mnt/e179884f-fc91-4273-83ac-ce60612f1d5a/workspaces/professional-workspace/OhmniPresent/client/src/components/Forms/SystemForm.vue": {"path":"/mnt/e179884f-fc91-4273-83ac-ce60612f1d5a/workspaces/professional-workspace/OhmniPresent/client/src/components/Forms/SystemForm.vue","statementMap":{"0":{"start":{"line":8,"column":0},"end":{"line":8,"column":null}},"1":{"start":{"line":9,"column":0},"end":{"line":9,"column":null}},"2":{"start":{"line":10,"column":0},"end":{"line":10,"column":null}},"3":{"start":{"line":11,"column":0},"end":{"line":11,"column":null}},"4":{"start":{"line":20,"column":0},"end":{"line":20,"column":null}},"5":{"start":{"line":21,"column":0},"end":{"line":21,"column":null}},"6":{"start":{"line":20,"column":0},"end":{"line":13,"column":null}}},"fnMap":{},"branchMap":{},"s":{"0":0,"1":0,"2":0,"3":0,"4":0,"5":0,"6":0},"f":{},"b":{}}
,"/mnt/e179884f-fc91-4273-83ac-ce60612f1d5a/workspaces/professional-workspace/OhmniPresent/client/src/plugins/vuetify.ts": {"path":"/mnt/e179884f-fc91-4273-83ac-ce60612f1d5a/workspaces/professional-workspace/OhmniPresent/client/src/plugins/vuetify.ts","statementMap":{"0":{"start":{"line":1,"column":0},"end":{"line":1,"column":null}},"1":{"start":{"line":2,"column":0},"end":{"line":2,"column":null}},"2":{"start":{"line":4,"column":0},"end":{"line":4,"column":4}},"3":{"start":{"line":6,"column":15},"end":{"line":6,"column":19}}},"fnMap":{},"branchMap":{},"s":{"0":0,"1":0,"2":0,"3":0},"f":{},"b":{}}
,"/mnt/e179884f-fc91-4273-83ac-ce60612f1d5a/workspaces/professional-workspace/OhmniPresent/client/src/router/index.ts": {"path":"/mnt/e179884f-fc91-4273-83ac-ce60612f1d5a/workspaces/professional-workspace/OhmniPresent/client/src/router/index.ts","statementMap":{"0":{"start":{"line":1,"column":0},"end":{"line":1,"column":null}},"1":{"start":{"line":2,"column":0},"end":{"line":2,"column":null}},"2":{"start":{"line":3,"column":0},"end":{"line":3,"column":null}},"3":{"start":{"line":4,"column":0},"end":{"line":4,"column":null}},"4":{"start":{"line":5,"column":0},"end":{"line":5,"column":null}},"5":{"start":{"line":7,"column":0},"end":{"line":7,"column":4}},"6":{"start":{"line":9,"column":35},"end":{"line":9,"column":null}},"7":{"start":{"line":33,"column":15},"end":{"line":33,"column":null}},"8":{"start":{"line":38,"column":15},"end":{"line":38,"column":19}},"9":{"start":{"line":44,"column":15},"end":{"line":44,"column":null}}},"fnMap":{"0":{"name":"(anonymous_0)","decl":{"start":{"line":33,"column":15},"end":{"line":33,"column":null}},"loc":{"start":{"line":33,"column":15},"end":{"line":33,"column":null}}}},"branchMap":{},"s":{"0":0,"1":0,"2":0,"3":0,"4":0,"5":0,"6":0,"7":0,"8":0,"9":0},"f":{"0":0},"b":{}}
,"/mnt/e179884f-fc91-4273-83ac-ce60612f1d5a/workspaces/professional-workspace/OhmniPresent/client/src/store/index.ts": {"path":"/mnt/e179884f-fc91-4273-83ac-ce60612f1d5a/workspaces/professional-workspace/OhmniPresent/client/src/store/index.ts","statementMap":{"0":{"start":{"line":1,"column":0},"end":{"line":1,"column":null}},"1":{"start":{"line":2,"column":0},"end":{"line":2,"column":null}},"2":{"start":{"line":4,"column":0},"end":{"line":4,"column":null}},"3":{"start":{"line":5,"column":0},"end":{"line":5,"column":null}},"4":{"start":{"line":6,"column":0},"end":{"line":6,"column":null}},"5":{"start":{"line":8,"column":0},"end":{"line":8,"column":4}},"6":{"start":{"line":10,"column":14},"end":{"line":10,"column":18}},"7":{"start":{"line":18,"column":15},"end":{"line":18,"column":null}}},"fnMap":{},"branchMap":{},"s":{"0":0,"1":0,"2":0,"3":0,"4":0,"5":0,"6":0,"7":0},"f":{},"b":{}}
,"/mnt/e179884f-fc91-4273-83ac-ce60612f1d5a/workspaces/professional-workspace/OhmniPresent/client/src/store/modules/Message.ts": {"path":"/mnt/e179884f-fc91-4273-83ac-ce60612f1d5a/workspaces/professional-workspace/OhmniPresent/client/src/store/modules/Message.ts","statementMap":{"0":{"start":{"line":3,"column":15},"end":{"line":3,"column":null}},"1":{"start":{"line":9,"column":6},"end":{"line":9,"column":11}},"2":{"start":{"line":14,"column":6},"end":{"line":14,"column":12}}},"fnMap":{"0":{"name":"(anonymous_0)","decl":{"start":{"line":8,"column":4},"end":{"line":8,"column":15}},"loc":{"start":{"line":8,"column":46},"end":{"line":10,"column":null}}},"1":{"name":"(anonymous_1)","decl":{"start":{"line":13,"column":4},"end":{"line":13,"column":17}},"loc":{"start":{"line":13,"column":33},"end":{"line":34,"column":null}}}},"branchMap":{},"s":{"0":0,"1":0,"2":0},"f":{"0":0,"1":0},"b":{}}
,"/mnt/e179884f-fc91-4273-83ac-ce60612f1d5a/workspaces/professional-workspace/OhmniPresent/client/src/store/modules/Projects.ts": {"path":"/mnt/e179884f-fc91-4273-83ac-ce60612f1d5a/workspaces/professional-workspace/OhmniPresent/client/src/store/modules/Projects.ts","statementMap":{"0":{"start":{"line":3,"column":15},"end":{"line":3,"column":null}},"1":{"start":{"line":9,"column":6},"end":{"line":9,"column":11}},"2":{"start":{"line":14,"column":6},"end":{"line":14,"column":12}}},"fnMap":{"0":{"name":"(anonymous_0)","decl":{"start":{"line":8,"column":4},"end":{"line":8,"column":15}},"loc":{"start":{"line":8,"column":46},"end":{"line":10,"column":null}}},"1":{"name":"(anonymous_1)","decl":{"start":{"line":13,"column":4},"end":{"line":13,"column":17}},"loc":{"start":{"line":13,"column":33},"end":{"line":40,"column":null}}}},"branchMap":{},"s":{"0":0,"1":0,"2":0},"f":{"0":0,"1":0},"b":{}}
,"/mnt/e179884f-fc91-4273-83ac-ce60612f1d5a/workspaces/professional-workspace/OhmniPresent/client/src/store/modules/Tasks.ts": {"path":"/mnt/e179884f-fc91-4273-83ac-ce60612f1d5a/workspaces/professional-workspace/OhmniPresent/client/src/store/modules/Tasks.ts","statementMap":{"0":{"start":{"line":3,"column":15},"end":{"line":3,"column":null}},"1":{"start":{"line":9,"column":6},"end":{"line":9,"column":11}},"2":{"start":{"line":14,"column":6},"end":{"line":14,"column":12}}},"fnMap":{"0":{"name":"(anonymous_0)","decl":{"start":{"line":8,"column":4},"end":{"line":8,"column":12}},"loc":{"start":{"line":8,"column":40},"end":{"line":10,"column":null}}},"1":{"name":"(anonymous_1)","decl":{"start":{"line":13,"column":4},"end":{"line":13,"column":14}},"loc":{"start":{"line":13,"column":30},"end":{"line":37,"column":null}}}},"branchMap":{},"s":{"0":0,"1":0,"2":0},"f":{"0":0,"1":0},"b":{}}
,"/mnt/e179884f-fc91-4273-83ac-ce60612f1d5a/workspaces/professional-workspace/OhmniPresent/client/src/views/Login.vue": {"path":"/mnt/e179884f-fc91-4273-83ac-ce60612f1d5a/workspaces/professional-workspace/OhmniPresent/client/src/views/Login.vue","statementMap":{"0":{"start":{"line":26,"column":0},"end":{"line":26,"column":null}},"1":{"start":{"line":27,"column":0},"end":{"line":27,"column":null}},"2":{"start":{"line":28,"column":0},"end":{"line":28,"column":null}},"3":{"start":{"line":36,"column":0},"end":{"line":36,"column":null}},"4":{"start":{"line":37,"column":0},"end":{"line":37,"column":null}},"5":{"start":{"line":36,"column":0},"end":{"line":30,"column":null}}},"fnMap":{"0":{"name":"(anonymous_1)","decl":{"start":{"line":36,"column":0},"end":{"line":36,"column":null}},"loc":{"start":{"line":36,"column":0},"end":{"line":38,"column":null}}}},"branchMap":{},"s":{"0":0,"1":0,"2":0,"3":0,"4":0,"5":0},"f":{"0":0},"b":{}}
,"/mnt/e179884f-fc91-4273-83ac-ce60612f1d5a/workspaces/professional-workspace/OhmniPresent/client/src/views/User/Base.vue": {"path":"/mnt/e179884f-fc91-4273-83ac-ce60612f1d5a/workspaces/professional-workspace/OhmniPresent/client/src/views/User/Base.vue","statementMap":{"0":{"start":{"line":15,"column":0},"end":{"line":15,"column":null}},"1":{"start":{"line":16,"column":0},"end":{"line":16,"column":null}},"2":{"start":{"line":17,"column":0},"end":{"line":17,"column":null}},"3":{"start":{"line":19,"column":0},"end":{"line":19,"column":null}},"4":{"start":{"line":29,"column":0},"end":{"line":29,"column":null}},"5":{"start":{"line":30,"column":0},"end":{"line":30,"column":null}},"6":{"start":{"line":31,"column":0},"end":{"line":31,"column":null}},"7":{"start":{"line":34,"column":0},"end":{"line":34,"column":null}},"8":{"start":{"line":35,"column":0},"end":{"line":35,"column":null}},"9":{"start":{"line":36,"column":0},"end":{"line":36,"column":null}},"10":{"start":{"line":37,"column":0},"end":{"line":37,"column":null}},"11":{"start":{"line":38,"column":0},"end":{"line":38,"column":null}},"12":{"start":{"line":29,"column":0},"end":{"line":21,"column":null}}},"fnMap":{"0":{"name":"(anonymous_1)","decl":{"start":{"line":29,"column":0},"end":{"line":29,"column":null}},"loc":{"start":{"line":29,"column":0},"end":{"line":40,"column":null}}},"1":{"name":"(anonymous_2)","decl":{"start":{"line":33,"column":0},"end":{"line":33,"column":null}},"loc":{"start":{"line":33,"column":0},"end":{"line":39,"column":null}}}},"branchMap":{},"s":{"0":0,"1":0,"2":0,"3":0,"4":0,"5":0,"6":0,"7":0,"8":0,"9":0,"10":0,"11":0,"12":0},"f":{"0":0,"1":0},"b":{}}
,"/mnt/e179884f-fc91-4273-83ac-ce60612f1d5a/workspaces/professional-workspace/OhmniPresent/client/src/views/User/Home.vue": {"path":"/mnt/e179884f-fc91-4273-83ac-ce60612f1d5a/workspaces/professional-workspace/OhmniPresent/client/src/views/User/Home.vue","statementMap":{"0":{"start":{"line":8,"column":0},"end":{"line":8,"column":null}}},"fnMap":{},"branchMap":{},"s":{"0":0},"f":{},"b":{}}
}
