TN:
SF:/mnt/e179884f-fc91-4273-83ac-ce60612f1d5a/workspaces/professional-workspace/OhmniPresent/client/src/App.vue
FNF:0
FNH:0
DA:8,0
DA:14,0
LF:2
LH:0
BRF:0
BRH:0
end_of_record
TN:
SF:/mnt/e179884f-fc91-4273-83ac-ce60612f1d5a/workspaces/professional-workspace/OhmniPresent/client/src/components/Boxes/MessageTicker.vue
FNF:0
FNH:0
DA:14,0
DA:19,0
DA:20,0
DA:21,0
DA:22,0
LF:5
LH:0
BRF:0
BRH:0
end_of_record
TN:
SF:/mnt/e179884f-fc91-4273-83ac-ce60612f1d5a/workspaces/professional-workspace/OhmniPresent/client/src/components/Boxes/TaskBox.vue
FNF:0
FNH:0
DA:13,1
DA:18,1
DA:19,1
LF:3
LH:3
BRF:0
BRH:0
end_of_record
TN:
SF:/mnt/e179884f-fc91-4273-83ac-ce60612f1d5a/workspaces/professional-workspace/OhmniPresent/client/src/components/Design/Slug.vue
FN:14,(anonymous_1)
FNF:1
FNH:1
FNDA:3,(anonymous_1)
DA:9,1
DA:14,1
DA:15,4
DA:16,4
LF:4
LH:4
BRF:0
BRH:0
end_of_record
TN:
SF:/mnt/e179884f-fc91-4273-83ac-ce60612f1d5a/workspaces/professional-workspace/OhmniPresent/client/src/components/Forms/Login.vue
FNF:0
FNH:0
DA:16,0
DA:21,0
LF:2
LH:0
BRF:0
BRH:0
end_of_record
TN:
SF:/mnt/e179884f-fc91-4273-83ac-ce60612f1d5a/workspaces/professional-workspace/OhmniPresent/client/src/components/Forms/Signup.vue
FNF:0
FNH:0
DA:33,0
DA:38,0
LF:2
LH:0
BRF:0
BRH:0
end_of_record
TN:
SF:/mnt/e179884f-fc91-4273-83ac-ce60612f1d5a/workspaces/professional-workspace/OhmniPresent/client/src/components/Forms/SystemForm.vue
FNF:0
FNH:0
DA:8,0
DA:9,0
DA:10,0
DA:11,0
DA:20,0
DA:21,0
LF:6
LH:0
BRF:0
BRH:0
end_of_record
TN:
SF:/mnt/e179884f-fc91-4273-83ac-ce60612f1d5a/workspaces/professional-workspace/OhmniPresent/client/src/plugins/vuetify.ts
FNF:0
FNH:0
DA:1,0
DA:2,0
DA:4,0
DA:6,0
LF:4
LH:0
BRF:0
BRH:0
end_of_record
TN:
SF:/mnt/e179884f-fc91-4273-83ac-ce60612f1d5a/workspaces/professional-workspace/OhmniPresent/client/src/router/index.ts
FN:33,(anonymous_0)
FNF:1
FNH:0
FNDA:0,(anonymous_0)
DA:1,0
DA:2,0
DA:3,0
DA:4,0
DA:5,0
DA:7,0
DA:9,0
DA:33,0
DA:38,0
DA:44,0
LF:10
LH:0
BRF:0
BRH:0
end_of_record
TN:
SF:/mnt/e179884f-fc91-4273-83ac-ce60612f1d5a/workspaces/professional-workspace/OhmniPresent/client/src/store/index.ts
FNF:0
FNH:0
DA:1,0
DA:2,0
DA:4,0
DA:5,0
DA:6,0
DA:8,0
DA:10,0
DA:18,0
LF:8
LH:0
BRF:0
BRH:0
end_of_record
TN:
SF:/mnt/e179884f-fc91-4273-83ac-ce60612f1d5a/workspaces/professional-workspace/OhmniPresent/client/src/store/modules/Message.ts
FN:8,(anonymous_0)
FN:13,(anonymous_1)
FNF:2
FNH:0
FNDA:0,(anonymous_0)
FNDA:0,(anonymous_1)
DA:3,0
DA:9,0
DA:14,0
LF:3
LH:0
BRF:0
BRH:0
end_of_record
TN:
SF:/mnt/e179884f-fc91-4273-83ac-ce60612f1d5a/workspaces/professional-workspace/OhmniPresent/client/src/store/modules/Projects.ts
FN:8,(anonymous_0)
FN:13,(anonymous_1)
FNF:2
FNH:0
FNDA:0,(anonymous_0)
FNDA:0,(anonymous_1)
DA:3,0
DA:9,0
DA:14,0
LF:3
LH:0
BRF:0
BRH:0
end_of_record
TN:
SF:/mnt/e179884f-fc91-4273-83ac-ce60612f1d5a/workspaces/professional-workspace/OhmniPresent/client/src/store/modules/Tasks.ts
FN:8,(anonymous_0)
FN:13,(anonymous_1)
FNF:2
FNH:0
FNDA:0,(anonymous_0)
FNDA:0,(anonymous_1)
DA:3,0
DA:9,0
DA:14,0
LF:3
LH:0
BRF:0
BRH:0
end_of_record
TN:
SF:/mnt/e179884f-fc91-4273-83ac-ce60612f1d5a/workspaces/professional-workspace/OhmniPresent/client/src/views/Login.vue
FN:36,(anonymous_1)
FNF:1
FNH:0
FNDA:0,(anonymous_1)
DA:26,0
DA:27,0
DA:28,0
DA:36,0
DA:37,0
LF:5
LH:0
BRF:0
BRH:0
end_of_record
TN:
SF:/mnt/e179884f-fc91-4273-83ac-ce60612f1d5a/workspaces/professional-workspace/OhmniPresent/client/src/views/User/Base.vue
FN:29,(anonymous_1)
FN:33,(anonymous_2)
FNF:2
FNH:0
FNDA:0,(anonymous_1)
FNDA:0,(anonymous_2)
DA:15,0
DA:16,0
DA:17,0
DA:19,0
DA:29,0
DA:30,0
DA:31,0
DA:34,0
DA:35,0
DA:36,0
DA:37,0
DA:38,0
LF:12
LH:0
BRF:0
BRH:0
end_of_record
TN:
SF:/mnt/e179884f-fc91-4273-83ac-ce60612f1d5a/workspaces/professional-workspace/OhmniPresent/client/src/views/User/Home.vue
FNF:0
FNH:0
DA:8,0
LF:1
LH:0
BRF:0
BRH:0
end_of_record
